<?xml version="1.0" encoding="UTF-8"?>
<!-- Generated by org.testng.reporters.JUnitXMLReporter -->
<testsuite hostname="DSCHD-PC-054" ignored="0" name="Default test" tests="2" failures="0" timestamp="16 May 2019 09:50:15 GMT" time="47.437" errors="0">
  <testcase name="runScenario" time="45.286" classname="cucumber.api.testng.AbstractTestNGCucumberTests"/>
  <testcase name="runScenario" time="47.023" classname="cucumber.api.testng.AbstractTestNGCucumberTests"/>
</testsuite> <!-- Default test -->
