<?xml version="1.0" encoding="UTF-8"?>
<!-- Generated by org.testng.reporters.JUnitXMLReporter -->
<testsuite hostname="DSCHD-PC-054" ignored="0" name="Default test" tests="2" failures="0" timestamp="15 May 2019 09:54:14 GMT" time="45.696" errors="0">
  <testcase name="runScenario" time="43.08" classname="cucumber.api.testng.AbstractTestNGCucumberTests"/>
  <testcase name="runScenario" time="45.266" classname="cucumber.api.testng.AbstractTestNGCucumberTests"/>
</testsuite> <!-- Default test -->
