<?xml version="1.0" encoding="UTF-8"?>
<testng-results skipped="0" failed="0" total="1" passed="1">
  <reporter-output>
  </reporter-output>
  <suite name="Suite" duration-ms="31388" started-at="2019-03-27T10:47:22Z" finished-at="2019-03-27T10:47:53Z">
    <groups>
      <group name="cucumber">
        <method signature="AbstractTestNGCucumberTests.feature(cucumber.api.testng.CucumberFeatureWrapper)[pri:0, instance:Runner.TestRunner@62e7f11d]" name="feature" class="cucumber.api.testng.AbstractTestNGCucumberTests"/>
      </group> <!-- cucumber -->
    </groups>
    <test name="Test" duration-ms="31388" started-at="2019-03-27T10:47:22Z" finished-at="2019-03-27T10:47:53Z">
      <class name="Runner.TestRunner">
        <test-method status="PASS" signature="setUpClass()[pri:0, instance:Runner.TestRunner@62e7f11d]" name="setUpClass" is-config="true" duration-ms="754" started-at="2019-03-27T16:17:22Z" finished-at="2019-03-27T16:17:23Z">
          <reporter-output>
          </reporter-output>
        </test-method> <!-- setUpClass -->
        <test-method status="PASS" signature="methodSetup(java.lang.reflect.Method)[pri:0, instance:Runner.TestRunner@62e7f11d]" name="methodSetup" is-config="true" duration-ms="28856" started-at="2019-03-27T16:17:23Z" finished-at="2019-03-27T16:17:52Z">
          <params>
            <param index="0">
              <value>
                <![CDATA[public void cucumber.api.testng.AbstractTestNGCucumberTests.feature(cucumber.api.testng.CucumberFeatureWrapper)]]>
              </value>
            </param>
          </params>
          <reporter-output>
          </reporter-output>
        </test-method> <!-- methodSetup -->
        <test-method status="PASS" signature="feature(cucumber.api.testng.CucumberFeatureWrapper)[pri:0, instance:Runner.TestRunner@62e7f11d]" name="feature" duration-ms="935" started-at="2019-03-27T16:17:52Z" description="Runs Cucumber Feature" data-provider="features" finished-at="2019-03-27T16:17:53Z">
          <params>
            <param index="0">
              <value>
                <![CDATA[Login]]>
              </value>
            </param>
          </params>
          <reporter-output>
          </reporter-output>
        </test-method> <!-- feature -->
        <test-method status="PASS" signature="methodShutDown()[pri:0, instance:Runner.TestRunner@62e7f11d]" name="methodShutDown" is-config="true" duration-ms="619" started-at="2019-03-27T16:17:53Z" finished-at="2019-03-27T16:17:53Z">
          <reporter-output>
          </reporter-output>
        </test-method> <!-- methodShutDown -->
        <test-method status="PASS" signature="tearDownClass()[pri:0, instance:Runner.TestRunner@62e7f11d]" name="tearDownClass" is-config="true" duration-ms="0" started-at="2019-03-27T16:17:53Z" finished-at="2019-03-27T16:17:53Z">
          <reporter-output>
          </reporter-output>
        </test-method> <!-- tearDownClass -->
      </class> <!-- Runner.TestRunner -->
    </test> <!-- Test -->
  </suite> <!-- Suite -->
</testng-results>
