<?xml version="1.0" encoding="UTF-8"?>
<testng-results skipped="0" failed="0" ignored="0" total="2" passed="2">
  <reporter-output>
  </reporter-output>
  <suite name="Default suite" duration-ms="45696" started-at="2019-05-15T09:53:28Z" finished-at="2019-05-15T09:54:14Z">
    <groups>
      <group name="cucumber">
        <method signature="AbstractTestNGCucumberTests.runScenario(cucumber.api.testng.PickleEventWrapper, cucumber.api.testng.CucumberFeatureWrapper)[pri:0, instance:Runner.TestRunner@67205a84]" name="runScenario" class="cucumber.api.testng.AbstractTestNGCucumberTests"/>
      </group> <!-- cucumber -->
    </groups>
    <test name="Default test" duration-ms="45696" started-at="2019-05-15T09:53:28Z" finished-at="2019-05-15T09:54:14Z">
      <class name="Runner.TestRunner">
        <test-method status="PASS" signature="setUpClass()[pri:0, instance:Runner.TestRunner@67205a84]" name="setUpClass" is-config="true" duration-ms="337" started-at="2019-05-15T09:53:28Z" finished-at="2019-05-15T09:53:29Z">
          <reporter-output>
          </reporter-output>
        </test-method> <!-- setUpClass -->
        <test-method status="PASS" signature="runScenario(cucumber.api.testng.PickleEventWrapper, cucumber.api.testng.CucumberFeatureWrapper)[pri:0, instance:Runner.TestRunner@67205a84]" name="runScenario" duration-ms="45266" started-at="2019-05-15T09:53:29Z" description="Runs Cucumber Scenarios" data-provider="scenarios" finished-at="2019-05-15T09:54:14Z">
          <params>
            <param index="0">
              <value>
                <![CDATA["Login to Yahoo"]]>
              </value>
            </param>
            <param index="1">
              <value>
                <![CDATA["Login"]]>
              </value>
            </param>
          </params>
          <reporter-output>
          </reporter-output>
        </test-method> <!-- runScenario -->
        <test-method status="PASS" signature="runScenario(cucumber.api.testng.PickleEventWrapper, cucumber.api.testng.CucumberFeatureWrapper)[pri:0, instance:Runner.TestRunner@67205a84]" name="runScenario" duration-ms="43080" started-at="2019-05-15T09:53:29Z" description="Runs Cucumber Scenarios" data-provider="scenarios" finished-at="2019-05-15T09:54:12Z">
          <params>
            <param index="0">
              <value>
                <![CDATA["Login to Yahoo in Chrome"]]>
              </value>
            </param>
            <param index="1">
              <value>
                <![CDATA["Login"]]>
              </value>
            </param>
          </params>
          <reporter-output>
          </reporter-output>
        </test-method> <!-- runScenario -->
        <test-method status="PASS" signature="tearDownClass()[pri:0, instance:Runner.TestRunner@67205a84]" name="tearDownClass" is-config="true" duration-ms="0" started-at="2019-05-15T09:54:14Z" finished-at="2019-05-15T09:54:14Z">
          <reporter-output>
          </reporter-output>
        </test-method> <!-- tearDownClass -->
      </class> <!-- Runner.TestRunner -->
    </test> <!-- Default test -->
  </suite> <!-- Default suite -->
</testng-results>
